{"/Users/simone/Repos/globuscup-node/server.js":{"path":"/Users/simone/Repos/globuscup-node/server.js","s":{"1":1,"2":1,"3":1,"4":1,"5":1,"6":1,"7":1,"8":1,"9":1,"10":1,"11":1,"12":1,"13":1,"14":1,"15":0,"16":1,"17":1,"18":1,"19":1,"20":52,"21":0,"22":52,"23":1,"24":1,"25":1,"26":1,"27":1,"28":1},"b":{"1":[1,0],"2":[0,1],"3":[0,52]},"f":{},"fnMap":{},"statementMap":{"1":{"start":{"line":1,"column":0},"end":{"line":1,"column":38}},"2":{"start":{"line":3,"column":0},"end":{"line":3,"column":26}},"3":{"start":{"line":4,"column":0},"end":{"line":4,"column":28}},"4":{"start":{"line":5,"column":0},"end":{"line":5,"column":34}},"5":{"start":{"line":6,"column":0},"end":{"line":6,"column":32}},"6":{"start":{"line":7,"column":0},"end":{"line":7,"column":41}},"7":{"start":{"line":8,"column":0},"end":{"line":8,"column":50}},"8":{"start":{"line":9,"column":0},"end":{"line":9,"column":52}},"9":{"start":{"line":10,"column":0},"end":{"line":10,"column":41}},"10":{"start":{"line":12,"column":0},"end":{"line":12,"column":21}},"11":{"start":{"line":14,"column":0},"end":{"line":14,"column":78}},"12":{"start":{"line":16,"column":0},"end":{"line":16,"column":37}},"13":{"start":{"line":18,"column":0},"end":{"line":18,"column":18}},"14":{"start":{"line":20,"column":0},"end":{"line":22,"column":1}},"15":{"start":{"line":21,"column":2},"end":{"line":21,"column":24}},"16":{"start":{"line":24,"column":0},"end":{"line":24,"column":50}},"17":{"start":{"line":25,"column":0},"end":{"line":25,"column":26}},"18":{"start":{"line":26,"column":0},"end":{"line":26,"column":22}},"19":{"start":{"line":31,"column":0},"end":{"line":37,"column":2}},"20":{"start":{"line":32,"column":2},"end":{"line":36,"column":3}},"21":{"start":{"line":33,"column":4},"end":{"line":33,"column":52}},"22":{"start":{"line":35,"column":4},"end":{"line":35,"column":10}},"23":{"start":{"line":39,"column":0},"end":{"line":39,"column":56}},"24":{"start":{"line":41,"column":0},"end":{"line":41,"column":83}},"25":{"start":{"line":44,"column":0},"end":{"line":44,"column":20}},"26":{"start":{"line":46,"column":0},"end":{"line":46,"column":64}},"27":{"start":{"line":46,"column":23},"end":{"line":46,"column":63}},"28":{"start":{"line":48,"column":0},"end":{"line":48,"column":20}}},"branchMap":{"1":{"line":16,"type":"binary-expr","locations":[{"start":{"line":16,"column":13},"end":{"line":16,"column":29}},{"start":{"line":16,"column":33},"end":{"line":16,"column":37}}]},"2":{"line":20,"type":"if","locations":[{"start":{"line":20,"column":0},"end":{"line":20,"column":0}},{"start":{"line":20,"column":0},"end":{"line":20,"column":0}}]},"3":{"line":32,"type":"if","locations":[{"start":{"line":32,"column":2},"end":{"line":32,"column":2}},{"start":{"line":32,"column":2},"end":{"line":32,"column":2}}]}}},"/Users/simone/Repos/globuscup-node/server/config/secrets.js":{"path":"/Users/simone/Repos/globuscup-node/server/config/secrets.js","s":{"1":1},"b":{},"f":{},"fnMap":{},"statementMap":{"1":{"start":{"line":1,"column":0},"end":{"line":11,"column":1}}},"branchMap":{}},"/Users/simone/Repos/globuscup-node/server/config/database.js":{"path":"/Users/simone/Repos/globuscup-node/server/config/database.js","s":{"1":1,"2":1,"3":1,"4":1,"5":1,"6":1,"7":1,"8":1,"9":1,"10":1,"11":0,"12":1,"13":1,"14":0},"b":{"1":[1,0]},"f":{},"fnMap":{},"statementMap":{"1":{"start":{"line":1,"column":0},"end":{"line":1,"column":36}},"2":{"start":{"line":2,"column":0},"end":{"line":2,"column":36}},"3":{"start":{"line":4,"column":0},"end":{"line":4,"column":33}},"4":{"start":{"line":5,"column":0},"end":{"line":5,"column":30}},"5":{"start":{"line":7,"column":0},"end":{"line":25,"column":1}},"6":{"start":{"line":9,"column":4},"end":{"line":9,"column":118}},"7":{"start":{"line":10,"column":4},"end":{"line":12,"column":6}},"8":{"start":{"line":11,"column":6},"end":{"line":11,"column":37}},"9":{"start":{"line":13,"column":4},"end":{"line":17,"column":5}},"10":{"start":{"line":14,"column":6},"end":{"line":14,"column":43}},"11":{"start":{"line":16,"column":6},"end":{"line":16,"column":38}},"12":{"start":{"line":18,"column":4},"end":{"line":18,"column":43}},"13":{"start":{"line":19,"column":4},"end":{"line":19,"column":13}},"14":{"start":{"line":23,"column":4},"end":{"line":23,"column":24}}},"branchMap":{"1":{"line":13,"type":"if","locations":[{"start":{"line":13,"column":4},"end":{"line":13,"column":4}},{"start":{"line":13,"column":4},"end":{"line":13,"column":4}}]}}},"/Users/simone/Repos/globuscup-node/server/routes.js":{"path":"/Users/simone/Repos/globuscup-node/server/routes.js","s":{"1":1,"2":1,"3":1,"4":1,"5":1,"6":1,"7":1,"8":1,"9":1,"10":1,"11":1,"12":1,"13":1,"14":1,"15":1,"16":1,"17":1,"18":1,"19":2,"20":1,"21":1,"22":1,"23":1,"24":1,"25":1,"26":1,"27":1,"28":1,"29":1,"30":1,"31":1,"32":1,"33":1,"34":1,"35":1,"36":1,"37":1,"38":1,"39":1,"40":1,"41":1,"42":1,"43":1,"44":1,"45":1,"46":1,"47":1,"48":1,"49":1,"50":1,"51":1,"52":1,"53":0,"54":1,"55":0,"56":1,"57":0},"b":{},"f":{"1":1},"fnMap":{"1":{"name":"(anonymous_1)","line":28,"loc":{"start":{"line":28,"column":10},"end":{"line":28,"column":26}}}},"statementMap":{"1":{"start":{"line":1,"column":0},"end":{"line":1,"column":43}},"2":{"start":{"line":2,"column":0},"end":{"line":2,"column":28}},"3":{"start":{"line":3,"column":0},"end":{"line":3,"column":28}},"4":{"start":{"line":4,"column":0},"end":{"line":4,"column":32}},"5":{"start":{"line":9,"column":0},"end":{"line":9,"column":57}},"6":{"start":{"line":10,"column":0},"end":{"line":10,"column":59}},"7":{"start":{"line":11,"column":0},"end":{"line":11,"column":63}},"8":{"start":{"line":12,"column":0},"end":{"line":12,"column":59}},"9":{"start":{"line":13,"column":0},"end":{"line":13,"column":61}},"10":{"start":{"line":14,"column":0},"end":{"line":14,"column":59}},"11":{"start":{"line":15,"column":0},"end":{"line":15,"column":55}},"12":{"start":{"line":21,"column":0},"end":{"line":21,"column":61}},"13":{"start":{"line":26,"column":0},"end":{"line":31,"column":2}},"14":{"start":{"line":29,"column":4},"end":{"line":29,"column":62}},"15":{"start":{"line":33,"column":0},"end":{"line":33,"column":34}},"16":{"start":{"line":36,"column":0},"end":{"line":127,"column":1}},"17":{"start":{"line":37,"column":2},"end":{"line":37,"column":30}},"18":{"start":{"line":39,"column":2},"end":{"line":44,"column":4}},"19":{"start":{"line":40,"column":4},"end":{"line":43,"column":6}},"20":{"start":{"line":49,"column":2},"end":{"line":49,"column":39}},"21":{"start":{"line":50,"column":2},"end":{"line":50,"column":36}},"22":{"start":{"line":51,"column":2},"end":{"line":51,"column":50}},"23":{"start":{"line":52,"column":2},"end":{"line":52,"column":58}},"24":{"start":{"line":53,"column":2},"end":{"line":53,"column":70}},"25":{"start":{"line":58,"column":2},"end":{"line":58,"column":37}},"26":{"start":{"line":59,"column":2},"end":{"line":59,"column":39}},"27":{"start":{"line":60,"column":2},"end":{"line":60,"column":54}},"28":{"start":{"line":61,"column":2},"end":{"line":61,"column":58}},"29":{"start":{"line":62,"column":2},"end":{"line":62,"column":61}},"30":{"start":{"line":63,"column":2},"end":{"line":63,"column":85}},"31":{"start":{"line":69,"column":2},"end":{"line":69,"column":66}},"32":{"start":{"line":70,"column":2},"end":{"line":70,"column":62}},"33":{"start":{"line":71,"column":2},"end":{"line":71,"column":61}},"34":{"start":{"line":72,"column":2},"end":{"line":72,"column":64}},"35":{"start":{"line":74,"column":2},"end":{"line":74,"column":45}},"36":{"start":{"line":79,"column":2},"end":{"line":79,"column":64}},"37":{"start":{"line":80,"column":2},"end":{"line":80,"column":60}},"38":{"start":{"line":81,"column":2},"end":{"line":81,"column":59}},"39":{"start":{"line":82,"column":2},"end":{"line":82,"column":62}},"40":{"start":{"line":84,"column":2},"end":{"line":84,"column":43}},"41":{"start":{"line":89,"column":2},"end":{"line":89,"column":60}},"42":{"start":{"line":90,"column":2},"end":{"line":90,"column":56}},"43":{"start":{"line":91,"column":2},"end":{"line":91,"column":55}},"44":{"start":{"line":92,"column":2},"end":{"line":92,"column":58}},"45":{"start":{"line":94,"column":2},"end":{"line":94,"column":39}},"46":{"start":{"line":99,"column":2},"end":{"line":99,"column":46}},"47":{"start":{"line":100,"column":2},"end":{"line":100,"column":52}},"48":{"start":{"line":105,"column":2},"end":{"line":105,"column":54}},"49":{"start":{"line":106,"column":2},"end":{"line":106,"column":57}},"50":{"start":{"line":112,"column":2},"end":{"line":112,"column":36}},"51":{"start":{"line":114,"column":2},"end":{"line":114,"column":22}},"52":{"start":{"line":116,"column":2},"end":{"line":118,"column":4}},"53":{"start":{"line":117,"column":4},"end":{"line":117,"column":69}},"54":{"start":{"line":120,"column":2},"end":{"line":122,"column":4}},"55":{"start":{"line":121,"column":4},"end":{"line":121,"column":69}},"56":{"start":{"line":124,"column":2},"end":{"line":126,"column":4}},"57":{"start":{"line":125,"column":4},"end":{"line":125,"column":69}}},"branchMap":{}},"/Users/simone/Repos/globuscup-node/server/controllers/user.controller.js":{"path":"/Users/simone/Repos/globuscup-node/server/controllers/user.controller.js","s":{"1":1,"2":1,"3":1,"4":1,"5":1,"6":0,"7":1,"8":1,"9":1,"10":1,"11":0,"12":1,"13":1,"14":1,"15":1,"16":0,"17":1,"18":0,"19":1,"20":1,"21":0,"22":1,"23":1,"24":1,"25":1,"26":1,"27":4,"28":4,"29":4,"30":4,"31":0,"32":4,"33":1,"34":4,"35":4,"36":4,"37":2,"38":2,"39":2,"40":0,"41":2,"42":2,"43":2,"44":2,"45":0,"46":1,"47":1,"48":0,"49":1,"50":1,"51":0,"52":1,"53":0,"54":1,"55":0,"56":0,"57":0,"58":0,"59":0,"60":0,"61":0,"62":0,"63":0,"64":0,"65":0,"66":0,"67":1,"68":1,"69":1,"70":0,"71":1,"72":0,"73":1,"74":1,"75":0,"76":1},"b":{"1":[0,1],"2":[0,1],"3":[0,1],"4":[0,1],"5":[0,1],"6":[0,4],"7":[1,3],"8":[4,0],"9":[4,3],"10":[2,2],"11":[2,0],"12":[1,1],"13":[0,1],"14":[0,1],"15":[0,1],"16":[0,0],"17":[0,0],"18":[0,0],"19":[0,0],"20":[0,0],"21":[0,1],"22":[0,1],"23":[0,1]},"f":{},"fnMap":{},"statementMap":{"1":{"start":{"line":1,"column":0},"end":{"line":1,"column":44}},"2":{"start":{"line":2,"column":0},"end":{"line":2,"column":50}},"3":{"start":{"line":4,"column":0},"end":{"line":172,"column":1}},"4":{"start":{"line":6,"column":4},"end":{"line":13,"column":6}},"5":{"start":{"line":7,"column":6},"end":{"line":7,"column":47}},"6":{"start":{"line":7,"column":15},"end":{"line":7,"column":47}},"7":{"start":{"line":8,"column":6},"end":{"line":12,"column":8}},"8":{"start":{"line":16,"column":4},"end":{"line":16,"column":24}},"9":{"start":{"line":17,"column":4},"end":{"line":23,"column":6}},"10":{"start":{"line":18,"column":6},"end":{"line":18,"column":47}},"11":{"start":{"line":18,"column":15},"end":{"line":18,"column":47}},"12":{"start":{"line":19,"column":6},"end":{"line":22,"column":8}},"13":{"start":{"line":26,"column":4},"end":{"line":26,"column":30}},"14":{"start":{"line":27,"column":4},"end":{"line":45,"column":6}},"15":{"start":{"line":28,"column":6},"end":{"line":28,"column":67}},"16":{"start":{"line":28,"column":15},"end":{"line":28,"column":67}},"17":{"start":{"line":29,"column":6},"end":{"line":29,"column":91}},"18":{"start":{"line":29,"column":16},"end":{"line":29,"column":91}},"19":{"start":{"line":31,"column":6},"end":{"line":44,"column":8}},"20":{"start":{"line":32,"column":8},"end":{"line":34,"column":9}},"21":{"start":{"line":33,"column":10},"end":{"line":33,"column":69}},"22":{"start":{"line":35,"column":8},"end":{"line":43,"column":10}},"23":{"start":{"line":36,"column":10},"end":{"line":36,"column":30}},"24":{"start":{"line":37,"column":10},"end":{"line":37,"column":28}},"25":{"start":{"line":38,"column":10},"end":{"line":41,"column":11}},"26":{"start":{"line":42,"column":10},"end":{"line":42,"column":32}},"27":{"start":{"line":48,"column":4},"end":{"line":48,"column":33}},"28":{"start":{"line":49,"column":4},"end":{"line":53,"column":6}},"29":{"start":{"line":54,"column":4},"end":{"line":88,"column":6}},"30":{"start":{"line":57,"column":6},"end":{"line":62,"column":7}},"31":{"start":{"line":58,"column":8},"end":{"line":61,"column":10}},"32":{"start":{"line":63,"column":6},"end":{"line":63,"column":35}},"33":{"start":{"line":63,"column":18},"end":{"line":63,"column":35}},"34":{"start":{"line":64,"column":6},"end":{"line":83,"column":7}},"35":{"start":{"line":65,"column":8},"end":{"line":82,"column":10}},"36":{"start":{"line":66,"column":10},"end":{"line":71,"column":11}},"37":{"start":{"line":67,"column":12},"end":{"line":70,"column":14}},"38":{"start":{"line":72,"column":10},"end":{"line":76,"column":11}},"39":{"start":{"line":73,"column":12},"end":{"line":73,"column":53}},"40":{"start":{"line":75,"column":12},"end":{"line":75,"column":32}},"41":{"start":{"line":77,"column":10},"end":{"line":81,"column":12}},"42":{"start":{"line":78,"column":12},"end":{"line":78,"column":32}},"43":{"start":{"line":79,"column":12},"end":{"line":79,"column":30}},"44":{"start":{"line":80,"column":12},"end":{"line":80,"column":34}},"45":{"start":{"line":84,"column":6},"end":{"line":87,"column":8}},"46":{"start":{"line":91,"column":4},"end":{"line":91,"column":61}},"47":{"start":{"line":92,"column":4},"end":{"line":97,"column":5}},"48":{"start":{"line":93,"column":6},"end":{"line":96,"column":8}},"49":{"start":{"line":98,"column":4},"end":{"line":115,"column":6}},"50":{"start":{"line":99,"column":6},"end":{"line":104,"column":7}},"51":{"start":{"line":100,"column":8},"end":{"line":103,"column":10}},"52":{"start":{"line":105,"column":6},"end":{"line":110,"column":7}},"53":{"start":{"line":106,"column":8},"end":{"line":109,"column":10}},"54":{"start":{"line":111,"column":6},"end":{"line":114,"column":8}},"55":{"start":{"line":118,"column":4},"end":{"line":118,"column":48}},"56":{"start":{"line":119,"column":4},"end":{"line":124,"column":5}},"57":{"start":{"line":120,"column":6},"end":{"line":123,"column":8}},"58":{"start":{"line":125,"column":4},"end":{"line":150,"column":6}},"59":{"start":{"line":126,"column":6},"end":{"line":131,"column":7}},"60":{"start":{"line":127,"column":8},"end":{"line":130,"column":10}},"61":{"start":{"line":132,"column":6},"end":{"line":137,"column":7}},"62":{"start":{"line":133,"column":8},"end":{"line":136,"column":10}},"63":{"start":{"line":138,"column":6},"end":{"line":149,"column":8}},"64":{"start":{"line":139,"column":8},"end":{"line":144,"column":9}},"65":{"start":{"line":140,"column":10},"end":{"line":143,"column":12}},"66":{"start":{"line":145,"column":8},"end":{"line":148,"column":10}},"67":{"start":{"line":153,"column":4},"end":{"line":153,"column":24}},"68":{"start":{"line":154,"column":4},"end":{"line":170,"column":6}},"69":{"start":{"line":155,"column":6},"end":{"line":155,"column":47}},"70":{"start":{"line":155,"column":15},"end":{"line":155,"column":47}},"71":{"start":{"line":156,"column":6},"end":{"line":162,"column":7}},"72":{"start":{"line":157,"column":8},"end":{"line":161,"column":10}},"73":{"start":{"line":163,"column":6},"end":{"line":169,"column":8}},"74":{"start":{"line":164,"column":8},"end":{"line":164,"column":53}},"75":{"start":{"line":164,"column":19},"end":{"line":164,"column":53}},"76":{"start":{"line":165,"column":8},"end":{"line":168,"column":10}}},"branchMap":{"1":{"line":7,"type":"if","locations":[{"start":{"line":7,"column":6},"end":{"line":7,"column":6}},{"start":{"line":7,"column":6},"end":{"line":7,"column":6}}]},"2":{"line":18,"type":"if","locations":[{"start":{"line":18,"column":6},"end":{"line":18,"column":6}},{"start":{"line":18,"column":6},"end":{"line":18,"column":6}}]},"3":{"line":28,"type":"if","locations":[{"start":{"line":28,"column":6},"end":{"line":28,"column":6}},{"start":{"line":28,"column":6},"end":{"line":28,"column":6}}]},"4":{"line":29,"type":"if","locations":[{"start":{"line":29,"column":6},"end":{"line":29,"column":6}},{"start":{"line":29,"column":6},"end":{"line":29,"column":6}}]},"5":{"line":32,"type":"if","locations":[{"start":{"line":32,"column":8},"end":{"line":32,"column":8}},{"start":{"line":32,"column":8},"end":{"line":32,"column":8}}]},"6":{"line":57,"type":"if","locations":[{"start":{"line":57,"column":6},"end":{"line":57,"column":6}},{"start":{"line":57,"column":6},"end":{"line":57,"column":6}}]},"7":{"line":63,"type":"if","locations":[{"start":{"line":63,"column":6},"end":{"line":63,"column":6}},{"start":{"line":63,"column":6},"end":{"line":63,"column":6}}]},"8":{"line":64,"type":"if","locations":[{"start":{"line":64,"column":6},"end":{"line":64,"column":6}},{"start":{"line":64,"column":6},"end":{"line":64,"column":6}}]},"9":{"line":64,"type":"binary-expr","locations":[{"start":{"line":64,"column":10},"end":{"line":64,"column":25}},{"start":{"line":64,"column":29},"end":{"line":64,"column":55}}]},"10":{"line":66,"type":"if","locations":[{"start":{"line":66,"column":10},"end":{"line":66,"column":10}},{"start":{"line":66,"column":10},"end":{"line":66,"column":10}}]},"11":{"line":72,"type":"if","locations":[{"start":{"line":72,"column":10},"end":{"line":72,"column":10}},{"start":{"line":72,"column":10},"end":{"line":72,"column":10}}]},"12":{"line":91,"type":"binary-expr","locations":[{"start":{"line":91,"column":21},"end":{"line":91,"column":38}},{"start":{"line":91,"column":42},"end":{"line":91,"column":61}}]},"13":{"line":92,"type":"if","locations":[{"start":{"line":92,"column":4},"end":{"line":92,"column":4}},{"start":{"line":92,"column":4},"end":{"line":92,"column":4}}]},"14":{"line":99,"type":"if","locations":[{"start":{"line":99,"column":6},"end":{"line":99,"column":6}},{"start":{"line":99,"column":6},"end":{"line":99,"column":6}}]},"15":{"line":105,"type":"if","locations":[{"start":{"line":105,"column":6},"end":{"line":105,"column":6}},{"start":{"line":105,"column":6},"end":{"line":105,"column":6}}]},"16":{"line":118,"type":"binary-expr","locations":[{"start":{"line":118,"column":19},"end":{"line":118,"column":30}},{"start":{"line":118,"column":34},"end":{"line":118,"column":47}}]},"17":{"line":119,"type":"if","locations":[{"start":{"line":119,"column":4},"end":{"line":119,"column":4}},{"start":{"line":119,"column":4},"end":{"line":119,"column":4}}]},"18":{"line":126,"type":"if","locations":[{"start":{"line":126,"column":6},"end":{"line":126,"column":6}},{"start":{"line":126,"column":6},"end":{"line":126,"column":6}}]},"19":{"line":132,"type":"if","locations":[{"start":{"line":132,"column":6},"end":{"line":132,"column":6}},{"start":{"line":132,"column":6},"end":{"line":132,"column":6}}]},"20":{"line":139,"type":"if","locations":[{"start":{"line":139,"column":8},"end":{"line":139,"column":8}},{"start":{"line":139,"column":8},"end":{"line":139,"column":8}}]},"21":{"line":155,"type":"if","locations":[{"start":{"line":155,"column":6},"end":{"line":155,"column":6}},{"start":{"line":155,"column":6},"end":{"line":155,"column":6}}]},"22":{"line":156,"type":"if","locations":[{"start":{"line":156,"column":6},"end":{"line":156,"column":6}},{"start":{"line":156,"column":6},"end":{"line":156,"column":6}}]},"23":{"line":164,"type":"if","locations":[{"start":{"line":164,"column":8},"end":{"line":164,"column":8}},{"start":{"line":164,"column":8},"end":{"line":164,"column":8}}]}}},"/Users/simone/Repos/globuscup-node/server/models/user.model.js":{"path":"/Users/simone/Repos/globuscup-node/server/models/user.model.js","s":{"1":1,"2":1,"3":1,"4":1,"5":1,"6":1,"7":3,"8":3,"9":3,"10":3,"11":1,"12":0,"13":0,"14":0,"15":0,"16":0,"17":0,"18":0,"19":0,"20":0,"21":0,"22":1,"23":1,"24":1,"25":1,"26":1,"27":0,"28":1,"29":3,"30":3,"31":3,"32":1},"b":{"1":[3,0],"2":[0,0],"3":[0,0],"4":[0,0],"5":[1,0]},"f":{"1":3,"2":0,"3":1,"4":3},"fnMap":{"1":{"name":"userPreSave","line":14,"loc":{"start":{"line":14,"column":23},"end":{"line":14,"column":50}}},"2":{"name":"checkPassword","line":22,"loc":{"start":{"line":22,"column":35},"end":{"line":22,"column":80}}},"3":{"name":"checkPassword","line":38,"loc":{"start":{"line":38,"column":35},"end":{"line":38,"column":70}}},"4":{"name":"auth","line":46,"loc":{"start":{"line":46,"column":26},"end":{"line":46,"column":46}}}},"statementMap":{"1":{"start":{"line":1,"column":0},"end":{"line":1,"column":35}},"2":{"start":{"line":2,"column":0},"end":{"line":2,"column":44}},"3":{"start":{"line":3,"column":0},"end":{"line":3,"column":39}},"4":{"start":{"line":4,"column":0},"end":{"line":4,"column":36}},"5":{"start":{"line":6,"column":0},"end":{"line":11,"column":2}},"6":{"start":{"line":14,"column":0},"end":{"line":20,"column":2}},"7":{"start":{"line":15,"column":2},"end":{"line":15,"column":19}},"8":{"start":{"line":16,"column":2},"end":{"line":18,"column":3}},"9":{"start":{"line":17,"column":4},"end":{"line":17,"column":50}},"10":{"start":{"line":19,"column":2},"end":{"line":19,"column":8}},"11":{"start":{"line":22,"column":0},"end":{"line":36,"column":1}},"12":{"start":{"line":23,"column":2},"end":{"line":35,"column":4}},"13":{"start":{"line":24,"column":4},"end":{"line":27,"column":5}},"14":{"start":{"line":25,"column":6},"end":{"line":25,"column":22}},"15":{"start":{"line":26,"column":6},"end":{"line":26,"column":22}},"16":{"start":{"line":28,"column":4},"end":{"line":30,"column":5}},"17":{"start":{"line":29,"column":6},"end":{"line":29,"column":61}},"18":{"start":{"line":31,"column":4},"end":{"line":34,"column":6}},"19":{"start":{"line":32,"column":6},"end":{"line":32,"column":38}},"20":{"start":{"line":32,"column":15},"end":{"line":32,"column":38}},"21":{"start":{"line":33,"column":6},"end":{"line":33,"column":62}},"22":{"start":{"line":38,"column":0},"end":{"line":44,"column":1}},"23":{"start":{"line":39,"column":2},"end":{"line":39,"column":27}},"24":{"start":{"line":40,"column":2},"end":{"line":43,"column":4}},"25":{"start":{"line":41,"column":4},"end":{"line":41,"column":36}},"26":{"start":{"line":41,"column":13},"end":{"line":41,"column":36}},"27":{"start":{"line":42,"column":4},"end":{"line":42,"column":60}},"28":{"start":{"line":46,"column":0},"end":{"line":57,"column":1}},"29":{"start":{"line":47,"column":2},"end":{"line":47,"column":18}},"30":{"start":{"line":48,"column":2},"end":{"line":52,"column":21}},"31":{"start":{"line":53,"column":2},"end":{"line":56,"column":4}},"32":{"start":{"line":60,"column":0},"end":{"line":60,"column":60}}},"branchMap":{"1":{"line":16,"type":"if","locations":[{"start":{"line":16,"column":2},"end":{"line":16,"column":2}},{"start":{"line":16,"column":2},"end":{"line":16,"column":2}}]},"2":{"line":24,"type":"if","locations":[{"start":{"line":24,"column":4},"end":{"line":24,"column":4}},{"start":{"line":24,"column":4},"end":{"line":24,"column":4}}]},"3":{"line":28,"type":"if","locations":[{"start":{"line":28,"column":4},"end":{"line":28,"column":4}},{"start":{"line":28,"column":4},"end":{"line":28,"column":4}}]},"4":{"line":32,"type":"if","locations":[{"start":{"line":32,"column":6},"end":{"line":32,"column":6}},{"start":{"line":32,"column":6},"end":{"line":32,"column":6}}]},"5":{"line":41,"type":"if","locations":[{"start":{"line":41,"column":4},"end":{"line":41,"column":4}},{"start":{"line":41,"column":4},"end":{"line":41,"column":4}}]}}},"/Users/simone/Repos/globuscup-node/server/models/setting.model.js":{"path":"/Users/simone/Repos/globuscup-node/server/models/setting.model.js","s":{"1":1,"2":1,"3":1},"b":{},"f":{},"fnMap":{},"statementMap":{"1":{"start":{"line":1,"column":0},"end":{"line":1,"column":36}},"2":{"start":{"line":3,"column":0},"end":{"line":9,"column":2}},"3":{"start":{"line":11,"column":0},"end":{"line":11,"column":56}}},"branchMap":{}},"/Users/simone/Repos/globuscup-node/server/controllers/media.controller.js":{"path":"/Users/simone/Repos/globuscup-node/server/controllers/media.controller.js","s":{"1":1,"2":1,"3":1,"4":0,"5":0,"6":0,"7":0,"8":1,"9":1,"10":1,"11":0,"12":1,"13":0,"14":1,"15":1,"16":1,"17":1,"18":0,"19":1,"20":1,"21":0,"22":1,"23":1,"24":1,"25":1,"26":1,"27":0,"28":1,"29":0,"30":1,"31":1,"32":1,"33":1,"34":0,"35":1,"36":0,"37":1,"38":1,"39":0,"40":1,"41":1,"42":1,"43":0,"44":1},"b":{"1":[0,0],"2":[1,1,0],"3":[0,1],"4":[0,1],"5":[1,1],"6":[0,1],"7":[0,1],"8":[1,1,0],"9":[0,1],"10":[0,1],"11":[1,1,0],"12":[0,1],"13":[0,1],"14":[0,1],"15":[0,1]},"f":{},"fnMap":{},"statementMap":{"1":{"start":{"line":1,"column":0},"end":{"line":1,"column":49}},"2":{"start":{"line":3,"column":0},"end":{"line":3,"column":13}},"3":{"start":{"line":4,"column":0},"end":{"line":137,"column":1}},"4":{"start":{"line":6,"column":4},"end":{"line":17,"column":6}},"5":{"start":{"line":7,"column":6},"end":{"line":12,"column":7}},"6":{"start":{"line":8,"column":8},"end":{"line":11,"column":10}},"7":{"start":{"line":13,"column":6},"end":{"line":16,"column":8}},"8":{"start":{"line":21,"column":4},"end":{"line":21,"column":64}},"9":{"start":{"line":22,"column":4},"end":{"line":41,"column":6}},"10":{"start":{"line":23,"column":6},"end":{"line":28,"column":7}},"11":{"start":{"line":24,"column":8},"end":{"line":27,"column":10}},"12":{"start":{"line":30,"column":6},"end":{"line":35,"column":7}},"13":{"start":{"line":31,"column":8},"end":{"line":34,"column":10}},"14":{"start":{"line":37,"column":6},"end":{"line":40,"column":8}},"15":{"start":{"line":45,"column":4},"end":{"line":45,"column":59}},"16":{"start":{"line":46,"column":4},"end":{"line":46,"column":37}},"17":{"start":{"line":47,"column":4},"end":{"line":52,"column":5}},"18":{"start":{"line":48,"column":6},"end":{"line":51,"column":8}},"19":{"start":{"line":54,"column":4},"end":{"line":68,"column":6}},"20":{"start":{"line":58,"column":6},"end":{"line":63,"column":7}},"21":{"start":{"line":59,"column":8},"end":{"line":62,"column":10}},"22":{"start":{"line":64,"column":6},"end":{"line":67,"column":8}},"23":{"start":{"line":72,"column":4},"end":{"line":72,"column":64}},"24":{"start":{"line":73,"column":4},"end":{"line":73,"column":29}},"25":{"start":{"line":74,"column":4},"end":{"line":93,"column":6}},"26":{"start":{"line":75,"column":6},"end":{"line":80,"column":7}},"27":{"start":{"line":76,"column":8},"end":{"line":79,"column":10}},"28":{"start":{"line":82,"column":6},"end":{"line":87,"column":7}},"29":{"start":{"line":83,"column":8},"end":{"line":86,"column":10}},"30":{"start":{"line":89,"column":6},"end":{"line":92,"column":8}},"31":{"start":{"line":97,"column":4},"end":{"line":97,"column":64}},"32":{"start":{"line":98,"column":4},"end":{"line":124,"column":6}},"33":{"start":{"line":99,"column":6},"end":{"line":104,"column":7}},"34":{"start":{"line":100,"column":8},"end":{"line":103,"column":10}},"35":{"start":{"line":106,"column":6},"end":{"line":111,"column":7}},"36":{"start":{"line":107,"column":8},"end":{"line":110,"column":10}},"37":{"start":{"line":112,"column":6},"end":{"line":123,"column":8}},"38":{"start":{"line":113,"column":8},"end":{"line":118,"column":9}},"39":{"start":{"line":114,"column":10},"end":{"line":117,"column":12}},"40":{"start":{"line":119,"column":8},"end":{"line":122,"column":10}},"41":{"start":{"line":128,"column":4},"end":{"line":128,"column":24}},"42":{"start":{"line":129,"column":4},"end":{"line":134,"column":5}},"43":{"start":{"line":130,"column":6},"end":{"line":133,"column":8}},"44":{"start":{"line":135,"column":4},"end":{"line":135,"column":37}}},"branchMap":{"1":{"line":7,"type":"if","locations":[{"start":{"line":7,"column":6},"end":{"line":7,"column":6}},{"start":{"line":7,"column":6},"end":{"line":7,"column":6}}]},"2":{"line":21,"type":"binary-expr","locations":[{"start":{"line":21,"column":20},"end":{"line":21,"column":31}},{"start":{"line":21,"column":35},"end":{"line":21,"column":48}},{"start":{"line":21,"column":52},"end":{"line":21,"column":64}}]},"3":{"line":23,"type":"if","locations":[{"start":{"line":23,"column":6},"end":{"line":23,"column":6}},{"start":{"line":23,"column":6},"end":{"line":23,"column":6}}]},"4":{"line":30,"type":"if","locations":[{"start":{"line":30,"column":6},"end":{"line":30,"column":6}},{"start":{"line":30,"column":6},"end":{"line":30,"column":6}}]},"5":{"line":45,"type":"binary-expr","locations":[{"start":{"line":45,"column":21},"end":{"line":45,"column":38}},{"start":{"line":45,"column":42},"end":{"line":45,"column":59}}]},"6":{"line":47,"type":"if","locations":[{"start":{"line":47,"column":4},"end":{"line":47,"column":4}},{"start":{"line":47,"column":4},"end":{"line":47,"column":4}}]},"7":{"line":58,"type":"if","locations":[{"start":{"line":58,"column":6},"end":{"line":58,"column":6}},{"start":{"line":58,"column":6},"end":{"line":58,"column":6}}]},"8":{"line":72,"type":"binary-expr","locations":[{"start":{"line":72,"column":20},"end":{"line":72,"column":31}},{"start":{"line":72,"column":35},"end":{"line":72,"column":48}},{"start":{"line":72,"column":52},"end":{"line":72,"column":64}}]},"9":{"line":75,"type":"if","locations":[{"start":{"line":75,"column":6},"end":{"line":75,"column":6}},{"start":{"line":75,"column":6},"end":{"line":75,"column":6}}]},"10":{"line":82,"type":"if","locations":[{"start":{"line":82,"column":6},"end":{"line":82,"column":6}},{"start":{"line":82,"column":6},"end":{"line":82,"column":6}}]},"11":{"line":97,"type":"binary-expr","locations":[{"start":{"line":97,"column":20},"end":{"line":97,"column":31}},{"start":{"line":97,"column":35},"end":{"line":97,"column":48}},{"start":{"line":97,"column":52},"end":{"line":97,"column":64}}]},"12":{"line":99,"type":"if","locations":[{"start":{"line":99,"column":6},"end":{"line":99,"column":6}},{"start":{"line":99,"column":6},"end":{"line":99,"column":6}}]},"13":{"line":106,"type":"if","locations":[{"start":{"line":106,"column":6},"end":{"line":106,"column":6}},{"start":{"line":106,"column":6},"end":{"line":106,"column":6}}]},"14":{"line":113,"type":"if","locations":[{"start":{"line":113,"column":8},"end":{"line":113,"column":8}},{"start":{"line":113,"column":8},"end":{"line":113,"column":8}}]},"15":{"line":129,"type":"if","locations":[{"start":{"line":129,"column":4},"end":{"line":129,"column":4}},{"start":{"line":129,"column":4},"end":{"line":129,"column":4}}]}}},"/Users/simone/Repos/globuscup-node/server/models/media.model.js":{"path":"/Users/simone/Repos/globuscup-node/server/models/media.model.js","s":{"1":1,"2":1,"3":1,"4":1,"5":1,"6":1,"7":2,"8":2,"9":2,"10":2,"11":1,"12":2,"13":2,"14":2,"15":2,"16":2,"17":0,"18":2,"19":1},"b":{"1":[2,0],"2":[0,2]},"f":{"1":2},"fnMap":{"1":{"name":"preSave","line":13,"loc":{"start":{"line":13,"column":24},"end":{"line":13,"column":47}}}},"statementMap":{"1":{"start":{"line":1,"column":0},"end":{"line":1,"column":28}},"2":{"start":{"line":2,"column":0},"end":{"line":2,"column":24}},"3":{"start":{"line":3,"column":0},"end":{"line":3,"column":46}},"4":{"start":{"line":4,"column":0},"end":{"line":4,"column":36}},"5":{"start":{"line":6,"column":0},"end":{"line":11,"column":2}},"6":{"start":{"line":13,"column":0},"end":{"line":19,"column":2}},"7":{"start":{"line":14,"column":2},"end":{"line":14,"column":20}},"8":{"start":{"line":15,"column":2},"end":{"line":17,"column":3}},"9":{"start":{"line":16,"column":4},"end":{"line":16,"column":45}},"10":{"start":{"line":18,"column":2},"end":{"line":18,"column":8}},"11":{"start":{"line":21,"column":0},"end":{"line":29,"column":2}},"12":{"start":{"line":22,"column":2},"end":{"line":22,"column":52}},"13":{"start":{"line":23,"column":2},"end":{"line":23,"column":72}},"14":{"start":{"line":24,"column":2},"end":{"line":24,"column":47}},"15":{"start":{"line":25,"column":2},"end":{"line":27,"column":4}},"16":{"start":{"line":26,"column":4},"end":{"line":26,"column":34}},"17":{"start":{"line":26,"column":15},"end":{"line":26,"column":34}},"18":{"start":{"line":28,"column":2},"end":{"line":28,"column":8}},"19":{"start":{"line":31,"column":0},"end":{"line":31,"column":63}}},"branchMap":{"1":{"line":15,"type":"if","locations":[{"start":{"line":15,"column":2},"end":{"line":15,"column":2}},{"start":{"line":15,"column":2},"end":{"line":15,"column":2}}]},"2":{"line":26,"type":"if","locations":[{"start":{"line":26,"column":4},"end":{"line":26,"column":4}},{"start":{"line":26,"column":4},"end":{"line":26,"column":4}}]}}},"/Users/simone/Repos/globuscup-node/server/controllers/setting.controller.js":{"path":"/Users/simone/Repos/globuscup-node/server/controllers/setting.controller.js","s":{"1":1,"2":1,"3":1,"4":1,"5":0,"6":1,"7":1,"8":1,"9":1,"10":0,"11":1,"12":0,"13":0,"14":0,"15":0,"16":1,"17":1,"18":0,"19":1},"b":{"1":[0,1],"2":[0,1],"3":[0,1],"4":[0,0],"5":[0,1]},"f":{},"fnMap":{},"statementMap":{"1":{"start":{"line":1,"column":0},"end":{"line":1,"column":50}},"2":{"start":{"line":3,"column":0},"end":{"line":57,"column":1}},"3":{"start":{"line":5,"column":4},"end":{"line":16,"column":6}},"4":{"start":{"line":6,"column":6},"end":{"line":11,"column":7}},"5":{"start":{"line":7,"column":8},"end":{"line":10,"column":10}},"6":{"start":{"line":12,"column":6},"end":{"line":15,"column":8}},"7":{"start":{"line":19,"column":4},"end":{"line":19,"column":39}},"8":{"start":{"line":20,"column":4},"end":{"line":55,"column":6}},"9":{"start":{"line":21,"column":6},"end":{"line":26,"column":7}},"10":{"start":{"line":22,"column":8},"end":{"line":25,"column":10}},"11":{"start":{"line":28,"column":6},"end":{"line":41,"column":7}},"12":{"start":{"line":29,"column":8},"end":{"line":40,"column":10}},"13":{"start":{"line":30,"column":10},"end":{"line":35,"column":11}},"14":{"start":{"line":31,"column":12},"end":{"line":34,"column":14}},"15":{"start":{"line":36,"column":10},"end":{"line":39,"column":12}},"16":{"start":{"line":43,"column":6},"end":{"line":54,"column":8}},"17":{"start":{"line":44,"column":8},"end":{"line":49,"column":9}},"18":{"start":{"line":45,"column":10},"end":{"line":48,"column":12}},"19":{"start":{"line":50,"column":8},"end":{"line":53,"column":10}}},"branchMap":{"1":{"line":6,"type":"if","locations":[{"start":{"line":6,"column":6},"end":{"line":6,"column":6}},{"start":{"line":6,"column":6},"end":{"line":6,"column":6}}]},"2":{"line":21,"type":"if","locations":[{"start":{"line":21,"column":6},"end":{"line":21,"column":6}},{"start":{"line":21,"column":6},"end":{"line":21,"column":6}}]},"3":{"line":28,"type":"if","locations":[{"start":{"line":28,"column":6},"end":{"line":28,"column":6}},{"start":{"line":28,"column":6},"end":{"line":28,"column":6}}]},"4":{"line":30,"type":"if","locations":[{"start":{"line":30,"column":10},"end":{"line":30,"column":10}},{"start":{"line":30,"column":10},"end":{"line":30,"column":10}}]},"5":{"line":44,"type":"if","locations":[{"start":{"line":44,"column":8},"end":{"line":44,"column":8}},{"start":{"line":44,"column":8},"end":{"line":44,"column":8}}]}}},"/Users/simone/Repos/globuscup-node/server/controllers/email.controller.js":{"path":"/Users/simone/Repos/globuscup-node/server/controllers/email.controller.js","s":{"1":1,"2":1,"3":1,"4":1,"5":1,"6":1,"7":1,"8":1,"9":0,"10":1},"b":{"1":[1,0],"2":[0,1]},"f":{},"fnMap":{},"statementMap":{"1":{"start":{"line":1,"column":0},"end":{"line":1,"column":40}},"2":{"start":{"line":2,"column":0},"end":{"line":2,"column":66}},"3":{"start":{"line":4,"column":0},"end":{"line":4,"column":67}},"4":{"start":{"line":6,"column":0},"end":{"line":28,"column":1}},"5":{"start":{"line":8,"column":4},"end":{"line":8,"column":25}},"6":{"start":{"line":9,"column":4},"end":{"line":14,"column":5}},"7":{"start":{"line":15,"column":4},"end":{"line":26,"column":7}},"8":{"start":{"line":16,"column":6},"end":{"line":20,"column":7}},"9":{"start":{"line":17,"column":8},"end":{"line":19,"column":10}},"10":{"start":{"line":21,"column":6},"end":{"line":25,"column":8}}},"branchMap":{"1":{"line":12,"type":"binary-expr","locations":[{"start":{"line":12,"column":15},"end":{"line":12,"column":27}},{"start":{"line":12,"column":31},"end":{"line":12,"column":67}}]},"2":{"line":16,"type":"if","locations":[{"start":{"line":16,"column":6},"end":{"line":16,"column":6}},{"start":{"line":16,"column":6},"end":{"line":16,"column":6}}]}}},"/Users/simone/Repos/globuscup-node/server/controllers/season.controller.js":{"path":"/Users/simone/Repos/globuscup-node/server/controllers/season.controller.js","s":{"1":1,"2":1,"3":1,"4":1,"5":0,"6":1,"7":0,"8":0,"9":0,"10":0,"11":4,"12":4,"13":1,"14":3,"15":3,"16":3,"17":1,"18":2,"19":3,"20":3,"21":3,"22":1,"23":2,"24":2,"25":1,"26":1,"27":3,"28":3,"29":1,"30":2,"31":2,"32":0,"33":2,"34":1,"35":1},"b":{"1":[0,1],"2":[0,0],"3":[1,3],"4":[4,4],"5":[1,2],"6":[1,0],"7":[1,1],"8":[3,1],"9":[1,2],"10":[1,1],"11":[3,1],"12":[1,2],"13":[0,2],"14":[1,1]},"f":{},"fnMap":{},"statementMap":{"1":{"start":{"line":1,"column":0},"end":{"line":1,"column":48}},"2":{"start":{"line":3,"column":0},"end":{"line":103,"column":1}},"3":{"start":{"line":5,"column":4},"end":{"line":16,"column":6}},"4":{"start":{"line":6,"column":6},"end":{"line":11,"column":7}},"5":{"start":{"line":7,"column":8},"end":{"line":10,"column":10}},"6":{"start":{"line":12,"column":6},"end":{"line":15,"column":8}},"7":{"start":{"line":19,"column":4},"end":{"line":30,"column":6}},"8":{"start":{"line":20,"column":6},"end":{"line":25,"column":7}},"9":{"start":{"line":21,"column":8},"end":{"line":24,"column":10}},"10":{"start":{"line":26,"column":6},"end":{"line":29,"column":8}},"11":{"start":{"line":33,"column":4},"end":{"line":33,"column":24}},"12":{"start":{"line":34,"column":4},"end":{"line":39,"column":5}},"13":{"start":{"line":35,"column":6},"end":{"line":38,"column":8}},"14":{"start":{"line":40,"column":4},"end":{"line":40,"column":35}},"15":{"start":{"line":41,"column":4},"end":{"line":52,"column":6}},"16":{"start":{"line":42,"column":6},"end":{"line":47,"column":7}},"17":{"start":{"line":43,"column":8},"end":{"line":46,"column":10}},"18":{"start":{"line":48,"column":6},"end":{"line":51,"column":8}},"19":{"start":{"line":55,"column":4},"end":{"line":55,"column":48}},"20":{"start":{"line":56,"column":4},"end":{"line":56,"column":33}},"21":{"start":{"line":57,"column":4},"end":{"line":62,"column":5}},"22":{"start":{"line":58,"column":6},"end":{"line":61,"column":8}},"23":{"start":{"line":63,"column":4},"end":{"line":74,"column":6}},"24":{"start":{"line":64,"column":6},"end":{"line":69,"column":7}},"25":{"start":{"line":65,"column":8},"end":{"line":68,"column":10}},"26":{"start":{"line":70,"column":6},"end":{"line":73,"column":8}},"27":{"start":{"line":77,"column":4},"end":{"line":77,"column":48}},"28":{"start":{"line":78,"column":4},"end":{"line":83,"column":5}},"29":{"start":{"line":79,"column":6},"end":{"line":82,"column":8}},"30":{"start":{"line":84,"column":4},"end":{"line":101,"column":6}},"31":{"start":{"line":85,"column":6},"end":{"line":90,"column":7}},"32":{"start":{"line":86,"column":8},"end":{"line":89,"column":10}},"33":{"start":{"line":91,"column":6},"end":{"line":96,"column":7}},"34":{"start":{"line":92,"column":8},"end":{"line":95,"column":10}},"35":{"start":{"line":97,"column":6},"end":{"line":100,"column":8}}},"branchMap":{"1":{"line":6,"type":"if","locations":[{"start":{"line":6,"column":6},"end":{"line":6,"column":6}},{"start":{"line":6,"column":6},"end":{"line":6,"column":6}}]},"2":{"line":20,"type":"if","locations":[{"start":{"line":20,"column":6},"end":{"line":20,"column":6}},{"start":{"line":20,"column":6},"end":{"line":20,"column":6}}]},"3":{"line":34,"type":"if","locations":[{"start":{"line":34,"column":4},"end":{"line":34,"column":4}},{"start":{"line":34,"column":4},"end":{"line":34,"column":4}}]},"4":{"line":34,"type":"binary-expr","locations":[{"start":{"line":34,"column":8},"end":{"line":34,"column":17}},{"start":{"line":34,"column":21},"end":{"line":34,"column":35}}]},"5":{"line":42,"type":"if","locations":[{"start":{"line":42,"column":6},"end":{"line":42,"column":6}},{"start":{"line":42,"column":6},"end":{"line":42,"column":6}}]},"6":{"line":45,"type":"cond-expr","locations":[{"start":{"line":45,"column":52},"end":{"line":45,"column":81}},{"start":{"line":45,"column":84},"end":{"line":45,"column":87}}]},"7":{"line":45,"type":"binary-expr","locations":[{"start":{"line":45,"column":19},"end":{"line":45,"column":27}},{"start":{"line":45,"column":31},"end":{"line":45,"column":49}}]},"8":{"line":55,"type":"binary-expr","locations":[{"start":{"line":55,"column":21},"end":{"line":55,"column":32}},{"start":{"line":55,"column":36},"end":{"line":55,"column":48}}]},"9":{"line":57,"type":"if","locations":[{"start":{"line":57,"column":4},"end":{"line":57,"column":4}},{"start":{"line":57,"column":4},"end":{"line":57,"column":4}}]},"10":{"line":64,"type":"if","locations":[{"start":{"line":64,"column":6},"end":{"line":64,"column":6}},{"start":{"line":64,"column":6},"end":{"line":64,"column":6}}]},"11":{"line":77,"type":"binary-expr","locations":[{"start":{"line":77,"column":21},"end":{"line":77,"column":32}},{"start":{"line":77,"column":36},"end":{"line":77,"column":48}}]},"12":{"line":78,"type":"if","locations":[{"start":{"line":78,"column":4},"end":{"line":78,"column":4}},{"start":{"line":78,"column":4},"end":{"line":78,"column":4}}]},"13":{"line":85,"type":"if","locations":[{"start":{"line":85,"column":6},"end":{"line":85,"column":6}},{"start":{"line":85,"column":6},"end":{"line":85,"column":6}}]},"14":{"line":91,"type":"if","locations":[{"start":{"line":91,"column":6},"end":{"line":91,"column":6}},{"start":{"line":91,"column":6},"end":{"line":91,"column":6}}]}}},"/Users/simone/Repos/globuscup-node/server/models/season.model.js":{"path":"/Users/simone/Repos/globuscup-node/server/models/season.model.js","s":{"1":1,"2":1,"3":1},"b":{},"f":{},"fnMap":{},"statementMap":{"1":{"start":{"line":1,"column":0},"end":{"line":1,"column":36}},"2":{"start":{"line":3,"column":0},"end":{"line":6,"column":2}},"3":{"start":{"line":8,"column":0},"end":{"line":8,"column":66}}},"branchMap":{}},"/Users/simone/Repos/globuscup-node/server/controllers/round.controller.js":{"path":"/Users/simone/Repos/globuscup-node/server/controllers/round.controller.js","s":{"1":1,"2":1,"3":1,"4":1,"5":0,"6":1,"7":0,"8":0,"9":0,"10":0,"11":5,"12":5,"13":0,"14":5,"15":1,"16":4,"17":1,"18":3,"19":3,"20":3,"21":1,"22":2,"23":3,"24":3,"25":3,"26":1,"27":2,"28":2,"29":1,"30":1,"31":3,"32":3,"33":1,"34":2,"35":2,"36":0,"37":2,"38":1,"39":1},"b":{"1":[0,1],"2":[0,0],"3":[0,5],"4":[1,4],"5":[1,3],"6":[1,2],"7":[3,1],"8":[1,2],"9":[1,1],"10":[3,1],"11":[1,2],"12":[0,2],"13":[1,1]},"f":{},"fnMap":{},"statementMap":{"1":{"start":{"line":1,"column":0},"end":{"line":1,"column":46}},"2":{"start":{"line":3,"column":0},"end":{"line":115,"column":1}},"3":{"start":{"line":5,"column":4},"end":{"line":16,"column":6}},"4":{"start":{"line":6,"column":6},"end":{"line":11,"column":7}},"5":{"start":{"line":7,"column":8},"end":{"line":10,"column":10}},"6":{"start":{"line":12,"column":6},"end":{"line":15,"column":8}},"7":{"start":{"line":19,"column":4},"end":{"line":30,"column":6}},"8":{"start":{"line":20,"column":6},"end":{"line":25,"column":7}},"9":{"start":{"line":21,"column":8},"end":{"line":24,"column":10}},"10":{"start":{"line":26,"column":6},"end":{"line":29,"column":8}},"11":{"start":{"line":33,"column":4},"end":{"line":33,"column":36}},"12":{"start":{"line":34,"column":4},"end":{"line":39,"column":5}},"13":{"start":{"line":35,"column":6},"end":{"line":38,"column":8}},"14":{"start":{"line":40,"column":4},"end":{"line":45,"column":5}},"15":{"start":{"line":41,"column":6},"end":{"line":44,"column":8}},"16":{"start":{"line":46,"column":4},"end":{"line":51,"column":5}},"17":{"start":{"line":47,"column":6},"end":{"line":50,"column":8}},"18":{"start":{"line":52,"column":4},"end":{"line":52,"column":47}},"19":{"start":{"line":53,"column":4},"end":{"line":64,"column":6}},"20":{"start":{"line":54,"column":6},"end":{"line":59,"column":7}},"21":{"start":{"line":55,"column":8},"end":{"line":58,"column":10}},"22":{"start":{"line":60,"column":6},"end":{"line":63,"column":8}},"23":{"start":{"line":67,"column":4},"end":{"line":67,"column":37}},"24":{"start":{"line":68,"column":4},"end":{"line":68,"column":63}},"25":{"start":{"line":69,"column":4},"end":{"line":74,"column":5}},"26":{"start":{"line":70,"column":6},"end":{"line":73,"column":8}},"27":{"start":{"line":75,"column":4},"end":{"line":86,"column":6}},"28":{"start":{"line":76,"column":6},"end":{"line":81,"column":7}},"29":{"start":{"line":77,"column":8},"end":{"line":80,"column":10}},"30":{"start":{"line":82,"column":6},"end":{"line":85,"column":8}},"31":{"start":{"line":89,"column":4},"end":{"line":89,"column":42}},"32":{"start":{"line":90,"column":4},"end":{"line":95,"column":5}},"33":{"start":{"line":91,"column":6},"end":{"line":94,"column":8}},"34":{"start":{"line":96,"column":4},"end":{"line":113,"column":6}},"35":{"start":{"line":97,"column":6},"end":{"line":102,"column":7}},"36":{"start":{"line":98,"column":8},"end":{"line":101,"column":10}},"37":{"start":{"line":103,"column":6},"end":{"line":108,"column":7}},"38":{"start":{"line":104,"column":8},"end":{"line":107,"column":10}},"39":{"start":{"line":109,"column":6},"end":{"line":112,"column":8}}},"branchMap":{"1":{"line":6,"type":"if","locations":[{"start":{"line":6,"column":6},"end":{"line":6,"column":6}},{"start":{"line":6,"column":6},"end":{"line":6,"column":6}}]},"2":{"line":20,"type":"if","locations":[{"start":{"line":20,"column":6},"end":{"line":20,"column":6}},{"start":{"line":20,"column":6},"end":{"line":20,"column":6}}]},"3":{"line":34,"type":"if","locations":[{"start":{"line":34,"column":4},"end":{"line":34,"column":4}},{"start":{"line":34,"column":4},"end":{"line":34,"column":4}}]},"4":{"line":40,"type":"if","locations":[{"start":{"line":40,"column":4},"end":{"line":40,"column":4}},{"start":{"line":40,"column":4},"end":{"line":40,"column":4}}]},"5":{"line":46,"type":"if","locations":[{"start":{"line":46,"column":4},"end":{"line":46,"column":4}},{"start":{"line":46,"column":4},"end":{"line":46,"column":4}}]},"6":{"line":54,"type":"if","locations":[{"start":{"line":54,"column":6},"end":{"line":54,"column":6}},{"start":{"line":54,"column":6},"end":{"line":54,"column":6}}]},"7":{"line":68,"type":"binary-expr","locations":[{"start":{"line":68,"column":20},"end":{"line":68,"column":39}},{"start":{"line":68,"column":43},"end":{"line":68,"column":63}}]},"8":{"line":69,"type":"if","locations":[{"start":{"line":69,"column":4},"end":{"line":69,"column":4}},{"start":{"line":69,"column":4},"end":{"line":69,"column":4}}]},"9":{"line":76,"type":"if","locations":[{"start":{"line":76,"column":6},"end":{"line":76,"column":6}},{"start":{"line":76,"column":6},"end":{"line":76,"column":6}}]},"10":{"line":89,"type":"binary-expr","locations":[{"start":{"line":89,"column":15},"end":{"line":89,"column":26}},{"start":{"line":89,"column":30},"end":{"line":89,"column":42}}]},"11":{"line":90,"type":"if","locations":[{"start":{"line":90,"column":4},"end":{"line":90,"column":4}},{"start":{"line":90,"column":4},"end":{"line":90,"column":4}}]},"12":{"line":97,"type":"if","locations":[{"start":{"line":97,"column":6},"end":{"line":97,"column":6}},{"start":{"line":97,"column":6},"end":{"line":97,"column":6}}]},"13":{"line":103,"type":"if","locations":[{"start":{"line":103,"column":6},"end":{"line":103,"column":6}},{"start":{"line":103,"column":6},"end":{"line":103,"column":6}}]}}},"/Users/simone/Repos/globuscup-node/server/models/round.model.js":{"path":"/Users/simone/Repos/globuscup-node/server/models/round.model.js","s":{"1":1,"2":1,"3":1},"b":{},"f":{},"fnMap":{},"statementMap":{"1":{"start":{"line":1,"column":0},"end":{"line":1,"column":36}},"2":{"start":{"line":3,"column":0},"end":{"line":8,"column":2}},"3":{"start":{"line":10,"column":0},"end":{"line":10,"column":63}}},"branchMap":{}},"/Users/simone/Repos/globuscup-node/server/controllers/day.controller.js":{"path":"/Users/simone/Repos/globuscup-node/server/controllers/day.controller.js","s":{"1":1,"2":1,"3":0,"4":0,"5":0,"6":0,"7":0,"8":0,"9":0,"10":0,"11":0,"12":0,"13":0,"14":0,"15":0,"16":0,"17":0,"18":0,"19":0,"20":0,"21":0,"22":0,"23":0,"24":0,"25":0,"26":0,"27":0,"28":0,"29":0,"30":0,"31":0,"32":0,"33":0,"34":0,"35":0,"36":0,"37":0,"38":0,"39":0},"b":{"1":[0,0],"2":[0,0],"3":[0,0],"4":[0,0],"5":[0,0],"6":[0,0],"7":[0,0],"8":[0,0],"9":[0,0],"10":[0,0],"11":[0,0],"12":[0,0],"13":[0,0]},"f":{},"fnMap":{},"statementMap":{"1":{"start":{"line":1,"column":0},"end":{"line":1,"column":42}},"2":{"start":{"line":3,"column":0},"end":{"line":115,"column":1}},"3":{"start":{"line":5,"column":4},"end":{"line":16,"column":6}},"4":{"start":{"line":6,"column":6},"end":{"line":11,"column":7}},"5":{"start":{"line":7,"column":8},"end":{"line":10,"column":10}},"6":{"start":{"line":12,"column":6},"end":{"line":15,"column":8}},"7":{"start":{"line":19,"column":4},"end":{"line":30,"column":6}},"8":{"start":{"line":20,"column":6},"end":{"line":25,"column":7}},"9":{"start":{"line":21,"column":8},"end":{"line":24,"column":10}},"10":{"start":{"line":26,"column":6},"end":{"line":29,"column":8}},"11":{"start":{"line":33,"column":4},"end":{"line":33,"column":34}},"12":{"start":{"line":34,"column":4},"end":{"line":39,"column":5}},"13":{"start":{"line":35,"column":6},"end":{"line":38,"column":8}},"14":{"start":{"line":40,"column":4},"end":{"line":45,"column":5}},"15":{"start":{"line":41,"column":6},"end":{"line":44,"column":8}},"16":{"start":{"line":46,"column":4},"end":{"line":51,"column":5}},"17":{"start":{"line":47,"column":6},"end":{"line":50,"column":8}},"18":{"start":{"line":52,"column":4},"end":{"line":52,"column":41}},"19":{"start":{"line":53,"column":4},"end":{"line":64,"column":6}},"20":{"start":{"line":54,"column":6},"end":{"line":59,"column":7}},"21":{"start":{"line":55,"column":8},"end":{"line":58,"column":10}},"22":{"start":{"line":60,"column":6},"end":{"line":63,"column":8}},"23":{"start":{"line":67,"column":4},"end":{"line":67,"column":35}},"24":{"start":{"line":68,"column":4},"end":{"line":68,"column":57}},"25":{"start":{"line":69,"column":4},"end":{"line":74,"column":5}},"26":{"start":{"line":70,"column":6},"end":{"line":73,"column":8}},"27":{"start":{"line":75,"column":4},"end":{"line":86,"column":6}},"28":{"start":{"line":76,"column":6},"end":{"line":81,"column":7}},"29":{"start":{"line":77,"column":8},"end":{"line":80,"column":10}},"30":{"start":{"line":82,"column":6},"end":{"line":85,"column":8}},"31":{"start":{"line":89,"column":4},"end":{"line":89,"column":42}},"32":{"start":{"line":90,"column":4},"end":{"line":95,"column":5}},"33":{"start":{"line":91,"column":6},"end":{"line":94,"column":8}},"34":{"start":{"line":96,"column":4},"end":{"line":113,"column":6}},"35":{"start":{"line":97,"column":6},"end":{"line":102,"column":7}},"36":{"start":{"line":98,"column":8},"end":{"line":101,"column":10}},"37":{"start":{"line":103,"column":6},"end":{"line":108,"column":7}},"38":{"start":{"line":104,"column":8},"end":{"line":107,"column":10}},"39":{"start":{"line":109,"column":6},"end":{"line":112,"column":8}}},"branchMap":{"1":{"line":6,"type":"if","locations":[{"start":{"line":6,"column":6},"end":{"line":6,"column":6}},{"start":{"line":6,"column":6},"end":{"line":6,"column":6}}]},"2":{"line":20,"type":"if","locations":[{"start":{"line":20,"column":6},"end":{"line":20,"column":6}},{"start":{"line":20,"column":6},"end":{"line":20,"column":6}}]},"3":{"line":34,"type":"if","locations":[{"start":{"line":34,"column":4},"end":{"line":34,"column":4}},{"start":{"line":34,"column":4},"end":{"line":34,"column":4}}]},"4":{"line":40,"type":"if","locations":[{"start":{"line":40,"column":4},"end":{"line":40,"column":4}},{"start":{"line":40,"column":4},"end":{"line":40,"column":4}}]},"5":{"line":46,"type":"if","locations":[{"start":{"line":46,"column":4},"end":{"line":46,"column":4}},{"start":{"line":46,"column":4},"end":{"line":46,"column":4}}]},"6":{"line":54,"type":"if","locations":[{"start":{"line":54,"column":6},"end":{"line":54,"column":6}},{"start":{"line":54,"column":6},"end":{"line":54,"column":6}}]},"7":{"line":68,"type":"binary-expr","locations":[{"start":{"line":68,"column":18},"end":{"line":68,"column":35}},{"start":{"line":68,"column":39},"end":{"line":68,"column":57}}]},"8":{"line":69,"type":"if","locations":[{"start":{"line":69,"column":4},"end":{"line":69,"column":4}},{"start":{"line":69,"column":4},"end":{"line":69,"column":4}}]},"9":{"line":76,"type":"if","locations":[{"start":{"line":76,"column":6},"end":{"line":76,"column":6}},{"start":{"line":76,"column":6},"end":{"line":76,"column":6}}]},"10":{"line":89,"type":"binary-expr","locations":[{"start":{"line":89,"column":15},"end":{"line":89,"column":26}},{"start":{"line":89,"column":30},"end":{"line":89,"column":42}}]},"11":{"line":90,"type":"if","locations":[{"start":{"line":90,"column":4},"end":{"line":90,"column":4}},{"start":{"line":90,"column":4},"end":{"line":90,"column":4}}]},"12":{"line":97,"type":"if","locations":[{"start":{"line":97,"column":6},"end":{"line":97,"column":6}},{"start":{"line":97,"column":6},"end":{"line":97,"column":6}}]},"13":{"line":103,"type":"if","locations":[{"start":{"line":103,"column":6},"end":{"line":103,"column":6}},{"start":{"line":103,"column":6},"end":{"line":103,"column":6}}]}}},"/Users/simone/Repos/globuscup-node/server/models/day.model.js":{"path":"/Users/simone/Repos/globuscup-node/server/models/day.model.js","s":{"1":1,"2":1,"3":1,"4":1,"5":1,"6":1,"7":1,"8":1,"9":0,"10":1,"11":1,"12":0,"13":1,"14":1,"15":1,"16":1,"17":1,"18":1,"19":1,"20":1},"b":{"1":[0,1],"2":[0,1]},"f":{"1":1,"2":1},"fnMap":{"1":{"name":"roundUpdateLastDay","line":14,"loc":{"start":{"line":14,"column":39},"end":{"line":14,"column":83}}},"2":{"name":"incrementDayCounter","line":31,"loc":{"start":{"line":31,"column":22},"end":{"line":31,"column":56}}}},"statementMap":{"1":{"start":{"line":1,"column":0},"end":{"line":1,"column":36}},"2":{"start":{"line":3,"column":0},"end":{"line":8,"column":2}},"3":{"start":{"line":14,"column":0},"end":{"line":29,"column":1}},"4":{"start":{"line":15,"column":2},"end":{"line":15,"column":28}},"5":{"start":{"line":16,"column":2},"end":{"line":16,"column":18}},"6":{"start":{"line":17,"column":2},"end":{"line":28,"column":4}},"7":{"start":{"line":18,"column":4},"end":{"line":27,"column":6}},"8":{"start":{"line":19,"column":6},"end":{"line":19,"column":33}},"9":{"start":{"line":19,"column":15},"end":{"line":19,"column":33}},"10":{"start":{"line":20,"column":6},"end":{"line":26,"column":8}},"11":{"start":{"line":21,"column":8},"end":{"line":21,"column":35}},"12":{"start":{"line":21,"column":17},"end":{"line":21,"column":35}},"13":{"start":{"line":22,"column":8},"end":{"line":25,"column":10}},"14":{"start":{"line":31,"column":0},"end":{"line":38,"column":2}},"15":{"start":{"line":32,"column":2},"end":{"line":32,"column":18}},"16":{"start":{"line":33,"column":2},"end":{"line":33,"column":33}},"17":{"start":{"line":34,"column":2},"end":{"line":37,"column":4}},"18":{"start":{"line":35,"column":4},"end":{"line":35,"column":26}},"19":{"start":{"line":36,"column":4},"end":{"line":36,"column":10}},"20":{"start":{"line":40,"column":0},"end":{"line":40,"column":57}}},"branchMap":{"1":{"line":19,"type":"if","locations":[{"start":{"line":19,"column":6},"end":{"line":19,"column":6}},{"start":{"line":19,"column":6},"end":{"line":19,"column":6}}]},"2":{"line":21,"type":"if","locations":[{"start":{"line":21,"column":8},"end":{"line":21,"column":8}},{"start":{"line":21,"column":8},"end":{"line":21,"column":8}}]}}},"/Users/simone/Repos/globuscup-node/server/middlewares/auth.middleware.js":{"path":"/Users/simone/Repos/globuscup-node/server/middlewares/auth.middleware.js","s":{"1":1,"2":1,"3":1,"4":22,"5":2,"6":1,"7":1,"8":1,"9":0,"10":1,"11":1,"12":0,"13":1,"14":1,"15":0,"16":1,"17":20,"18":41,"19":41,"20":41,"21":11,"22":30,"23":30,"24":0,"25":30,"26":30,"27":30},"b":{"1":[2,20],"2":[22,2],"3":[1,1,1],"4":[0,1],"5":[0,1],"6":[1,1],"7":[41,41,41],"8":[11,30],"9":[30,0]},"f":{},"fnMap":{},"statementMap":{"1":{"start":{"line":1,"column":0},"end":{"line":1,"column":44}},"2":{"start":{"line":2,"column":0},"end":{"line":2,"column":35}},"3":{"start":{"line":4,"column":0},"end":{"line":57,"column":1}},"4":{"start":{"line":5,"column":2},"end":{"line":36,"column":3}},"5":{"start":{"line":6,"column":4},"end":{"line":35,"column":5}},"6":{"start":{"line":7,"column":6},"end":{"line":7,"column":17}},"7":{"start":{"line":8,"column":6},"end":{"line":8,"column":84}},"8":{"start":{"line":9,"column":6},"end":{"line":14,"column":7}},"9":{"start":{"line":10,"column":8},"end":{"line":13,"column":10}},"10":{"start":{"line":16,"column":6},"end":{"line":23,"column":7}},"11":{"start":{"line":17,"column":8},"end":{"line":17,"column":52}},"12":{"start":{"line":19,"column":8},"end":{"line":22,"column":10}},"13":{"start":{"line":25,"column":6},"end":{"line":25,"column":24}},"14":{"start":{"line":27,"column":6},"end":{"line":33,"column":7}},"15":{"start":{"line":28,"column":8},"end":{"line":32,"column":10}},"16":{"start":{"line":34,"column":6},"end":{"line":34,"column":19}},"17":{"start":{"line":37,"column":2},"end":{"line":56,"column":3}},"18":{"start":{"line":38,"column":4},"end":{"line":38,"column":15}},"19":{"start":{"line":39,"column":4},"end":{"line":39,"column":82}},"20":{"start":{"line":40,"column":4},"end":{"line":45,"column":5}},"21":{"start":{"line":41,"column":6},"end":{"line":44,"column":8}},"22":{"start":{"line":46,"column":4},"end":{"line":53,"column":5}},"23":{"start":{"line":47,"column":6},"end":{"line":47,"column":50}},"24":{"start":{"line":49,"column":6},"end":{"line":52,"column":8}},"25":{"start":{"line":54,"column":4},"end":{"line":54,"column":22}},"26":{"start":{"line":55,"column":4},"end":{"line":55,"column":30}},"27":{"start":{"line":55,"column":17},"end":{"line":55,"column":30}}},"branchMap":{"1":{"line":5,"type":"if","locations":[{"start":{"line":5,"column":2},"end":{"line":5,"column":2}},{"start":{"line":5,"column":2},"end":{"line":5,"column":2}}]},"2":{"line":5,"type":"binary-expr","locations":[{"start":{"line":5,"column":6},"end":{"line":5,"column":10}},{"start":{"line":5,"column":14},"end":{"line":5,"column":30}}]},"3":{"line":8,"type":"binary-expr","locations":[{"start":{"line":8,"column":20},"end":{"line":8,"column":34}},{"start":{"line":8,"column":38},"end":{"line":8,"column":53}},{"start":{"line":8,"column":57},"end":{"line":8,"column":84}}]},"4":{"line":9,"type":"if","locations":[{"start":{"line":9,"column":6},"end":{"line":9,"column":6}},{"start":{"line":9,"column":6},"end":{"line":9,"column":6}}]},"5":{"line":27,"type":"if","locations":[{"start":{"line":27,"column":6},"end":{"line":27,"column":6}},{"start":{"line":27,"column":6},"end":{"line":27,"column":6}}]},"6":{"line":27,"type":"binary-expr","locations":[{"start":{"line":27,"column":10},"end":{"line":27,"column":19}},{"start":{"line":27,"column":23},"end":{"line":27,"column":38}}]},"7":{"line":39,"type":"binary-expr","locations":[{"start":{"line":39,"column":18},"end":{"line":39,"column":32}},{"start":{"line":39,"column":36},"end":{"line":39,"column":51}},{"start":{"line":39,"column":55},"end":{"line":39,"column":82}}]},"8":{"line":40,"type":"if","locations":[{"start":{"line":40,"column":4},"end":{"line":40,"column":4}},{"start":{"line":40,"column":4},"end":{"line":40,"column":4}}]},"9":{"line":55,"type":"if","locations":[{"start":{"line":55,"column":4},"end":{"line":55,"column":4}},{"start":{"line":55,"column":4},"end":{"line":55,"column":4}}]}}},"/Users/simone/Repos/globuscup-node/server/middlewares/settings.middleware.js":{"path":"/Users/simone/Repos/globuscup-node/server/middlewares/settings.middleware.js","s":{"1":1,"2":1,"3":1,"4":52,"5":52,"6":34,"7":18,"8":18,"9":18},"b":{"1":[34,18],"2":[52,52]},"f":{},"fnMap":{},"statementMap":{"1":{"start":{"line":1,"column":0},"end":{"line":1,"column":51}},"2":{"start":{"line":3,"column":0},"end":{"line":12,"column":1}},"3":{"start":{"line":4,"column":2},"end":{"line":11,"column":3}},"4":{"start":{"line":5,"column":4},"end":{"line":10,"column":6}},"5":{"start":{"line":6,"column":6},"end":{"line":6,"column":41}},"6":{"start":{"line":6,"column":27},"end":{"line":6,"column":41}},"7":{"start":{"line":7,"column":6},"end":{"line":7,"column":31}},"8":{"start":{"line":8,"column":6},"end":{"line":8,"column":37}},"9":{"start":{"line":9,"column":6},"end":{"line":9,"column":19}}},"branchMap":{"1":{"line":6,"type":"if","locations":[{"start":{"line":6,"column":6},"end":{"line":6,"column":6}},{"start":{"line":6,"column":6},"end":{"line":6,"column":6}}]},"2":{"line":6,"type":"binary-expr","locations":[{"start":{"line":6,"column":10},"end":{"line":6,"column":13}},{"start":{"line":6,"column":17},"end":{"line":6,"column":25}}]}}}}