TN:
SF:/Users/simone/Repos/globuscup-node/server.js
FNF:0
FNH:0
DA:1,1
DA:3,1
DA:4,1
DA:5,1
DA:6,1
DA:7,1
DA:8,1
DA:9,1
DA:10,1
DA:12,1
DA:14,1
DA:16,1
DA:18,1
DA:20,1
DA:21,0
DA:24,1
DA:25,1
DA:26,1
DA:31,1
DA:32,53
DA:33,0
DA:35,53
DA:39,1
DA:41,1
DA:44,1
DA:46,1
DA:48,1
LF:27
LH:25
BRDA:16,1,0,1
BRDA:16,1,1,0
BRDA:20,2,0,0
BRDA:20,2,1,1
BRDA:32,3,0,0
BRDA:32,3,1,53
BRF:6
BRH:3
end_of_record
TN:
SF:/Users/simone/Repos/globuscup-node/server/config/secrets.js
FNF:0
FNH:0
DA:1,1
LF:1
LH:1
BRF:0
BRH:0
end_of_record
TN:
SF:/Users/simone/Repos/globuscup-node/server/config/database.js
FNF:0
FNH:0
DA:1,1
DA:2,1
DA:4,1
DA:5,1
DA:7,1
DA:9,1
DA:10,1
DA:11,1
DA:13,1
DA:14,1
DA:16,0
DA:18,1
DA:19,1
DA:23,0
LF:14
LH:12
BRDA:13,1,0,1
BRDA:13,1,1,0
BRF:2
BRH:1
end_of_record
TN:
SF:/Users/simone/Repos/globuscup-node/server/routes.js
FN:28,(anonymous_1)
FNF:1
FNH:1
FNDA:1,(anonymous_1)
DA:1,1
DA:2,1
DA:3,1
DA:4,1
DA:9,1
DA:10,1
DA:11,1
DA:12,1
DA:13,1
DA:14,1
DA:15,1
DA:21,1
DA:26,1
DA:29,1
DA:33,1
DA:36,1
DA:37,1
DA:39,1
DA:40,2
DA:49,1
DA:50,1
DA:51,1
DA:52,1
DA:53,1
DA:58,1
DA:59,1
DA:60,1
DA:61,1
DA:62,1
DA:63,1
DA:69,1
DA:70,1
DA:71,1
DA:72,1
DA:74,1
DA:79,1
DA:80,1
DA:81,1
DA:82,1
DA:84,1
DA:89,1
DA:90,1
DA:91,1
DA:92,1
DA:94,1
DA:99,1
DA:100,1
DA:105,1
DA:106,1
DA:112,1
DA:114,1
DA:116,1
DA:117,0
DA:120,1
DA:121,0
DA:124,1
DA:125,0
LF:57
LH:54
BRF:0
BRH:0
end_of_record
TN:
SF:/Users/simone/Repos/globuscup-node/server/controllers/user.controller.js
FNF:0
FNH:0
DA:1,1
DA:2,1
DA:4,1
DA:6,1
DA:7,1
DA:8,1
DA:16,1
DA:17,1
DA:18,1
DA:19,1
DA:26,2
DA:27,2
DA:28,2
DA:29,2
DA:31,2
DA:32,2
DA:33,1
DA:34,1
DA:35,1
DA:36,1
DA:40,1
DA:46,4
DA:47,4
DA:52,4
DA:55,4
DA:56,0
DA:61,4
DA:62,4
DA:63,4
DA:64,4
DA:65,2
DA:70,2
DA:71,2
DA:73,0
DA:75,2
DA:76,2
DA:77,2
DA:78,2
DA:82,0
DA:89,1
DA:90,1
DA:91,0
DA:96,1
DA:97,1
DA:98,0
DA:103,1
DA:104,0
DA:109,1
DA:116,0
DA:117,0
DA:118,0
DA:123,0
DA:124,0
DA:125,0
DA:130,0
DA:131,0
DA:136,0
DA:137,0
DA:138,0
DA:143,0
DA:151,1
DA:152,1
DA:153,1
DA:154,1
DA:155,0
DA:161,1
DA:162,1
DA:163,1
LF:68
LH:49
BRDA:7,1,0,0
BRDA:7,1,1,1
BRDA:18,2,0,0
BRDA:18,2,1,1
BRDA:28,3,0,0
BRDA:28,3,1,2
BRDA:29,4,0,0
BRDA:29,4,1,2
BRDA:32,5,0,1
BRDA:32,5,1,1
BRDA:55,6,0,0
BRDA:55,6,1,4
BRDA:61,7,0,1
BRDA:61,7,1,3
BRDA:62,8,0,4
BRDA:62,8,1,0
BRDA:62,9,0,4
BRDA:62,9,1,3
BRDA:64,10,0,2
BRDA:64,10,1,2
BRDA:70,11,0,2
BRDA:70,11,1,0
BRDA:89,12,0,1
BRDA:89,12,1,1
BRDA:90,13,0,0
BRDA:90,13,1,1
BRDA:97,14,0,0
BRDA:97,14,1,1
BRDA:103,15,0,0
BRDA:103,15,1,1
BRDA:116,16,0,0
BRDA:116,16,1,0
BRDA:117,17,0,0
BRDA:117,17,1,0
BRDA:124,18,0,0
BRDA:124,18,1,0
BRDA:130,19,0,0
BRDA:130,19,1,0
BRDA:137,20,0,0
BRDA:137,20,1,0
BRDA:153,21,0,0
BRDA:153,21,1,1
BRDA:154,22,0,0
BRDA:154,22,1,1
BRDA:162,23,0,0
BRDA:162,23,1,1
BRF:46
BRH:23
end_of_record
TN:
SF:/Users/simone/Repos/globuscup-node/server/models/user.model.js
FN:14,userPreSave
FN:38,checkPassword
FN:46,auth
FNF:3
FNH:3
FNDA:3,userPreSave
FNDA:2,checkPassword
FNDA:3,auth
DA:1,1
DA:2,1
DA:3,1
DA:4,1
DA:6,1
DA:14,1
DA:15,3
DA:16,3
DA:17,3
DA:19,3
DA:38,1
DA:39,2
DA:40,2
DA:41,2
DA:42,1
DA:46,1
DA:47,3
DA:48,3
DA:53,3
DA:60,1
LF:20
LH:20
BRDA:16,1,0,3
BRDA:16,1,1,0
BRDA:41,2,0,1
BRDA:41,2,1,1
BRF:4
BRH:3
end_of_record
TN:
SF:/Users/simone/Repos/globuscup-node/server/models/setting.model.js
FNF:0
FNH:0
DA:1,1
DA:3,1
DA:11,1
LF:3
LH:3
BRF:0
BRH:0
end_of_record
TN:
SF:/Users/simone/Repos/globuscup-node/server/controllers/media.controller.js
FNF:0
FNH:0
DA:1,1
DA:3,1
DA:4,1
DA:6,0
DA:7,0
DA:8,0
DA:13,0
DA:21,1
DA:22,1
DA:23,1
DA:24,0
DA:30,1
DA:31,0
DA:37,1
DA:45,1
DA:46,1
DA:47,1
DA:48,0
DA:54,1
DA:58,1
DA:59,0
DA:64,1
DA:72,1
DA:73,1
DA:74,1
DA:75,1
DA:76,0
DA:82,1
DA:83,0
DA:89,1
DA:97,1
DA:98,1
DA:99,1
DA:100,0
DA:106,1
DA:107,0
DA:112,1
DA:113,1
DA:114,0
DA:119,1
DA:128,1
DA:129,1
DA:130,0
DA:135,1
LF:44
LH:30
BRDA:7,1,0,0
BRDA:7,1,1,0
BRDA:21,2,0,1
BRDA:21,2,1,1
BRDA:21,2,2,0
BRDA:23,3,0,0
BRDA:23,3,1,1
BRDA:30,4,0,0
BRDA:30,4,1,1
BRDA:45,5,0,1
BRDA:45,5,1,1
BRDA:47,6,0,0
BRDA:47,6,1,1
BRDA:58,7,0,0
BRDA:58,7,1,1
BRDA:72,8,0,1
BRDA:72,8,1,1
BRDA:72,8,2,0
BRDA:75,9,0,0
BRDA:75,9,1,1
BRDA:82,10,0,0
BRDA:82,10,1,1
BRDA:97,11,0,1
BRDA:97,11,1,1
BRDA:97,11,2,0
BRDA:99,12,0,0
BRDA:99,12,1,1
BRDA:106,13,0,0
BRDA:106,13,1,1
BRDA:113,14,0,0
BRDA:113,14,1,1
BRDA:129,15,0,0
BRDA:129,15,1,1
BRF:33
BRH:18
end_of_record
TN:
SF:/Users/simone/Repos/globuscup-node/server/models/media.model.js
FN:13,preSave
FNF:1
FNH:1
FNDA:2,preSave
DA:1,1
DA:2,1
DA:3,1
DA:4,1
DA:6,1
DA:13,1
DA:14,2
DA:15,2
DA:16,2
DA:18,2
DA:21,1
DA:22,2
DA:23,2
DA:24,2
DA:25,2
DA:26,2
DA:28,2
DA:31,1
LF:18
LH:18
BRDA:15,1,0,2
BRDA:15,1,1,0
BRDA:26,2,0,0
BRDA:26,2,1,2
BRF:4
BRH:2
end_of_record
TN:
SF:/Users/simone/Repos/globuscup-node/server/controllers/setting.controller.js
FNF:0
FNH:0
DA:1,1
DA:3,1
DA:5,1
DA:6,1
DA:7,0
DA:12,1
DA:19,1
DA:20,1
DA:21,1
DA:22,0
DA:28,1
DA:29,0
DA:30,0
DA:31,0
DA:36,0
DA:43,1
DA:44,1
DA:45,0
DA:50,1
LF:19
LH:12
BRDA:6,1,0,0
BRDA:6,1,1,1
BRDA:21,2,0,0
BRDA:21,2,1,1
BRDA:28,3,0,0
BRDA:28,3,1,1
BRDA:30,4,0,0
BRDA:30,4,1,0
BRDA:44,5,0,0
BRDA:44,5,1,1
BRF:10
BRH:4
end_of_record
TN:
SF:/Users/simone/Repos/globuscup-node/server/controllers/email.controller.js
FNF:0
FNH:0
DA:1,1
DA:2,1
DA:4,1
DA:6,1
DA:8,1
DA:9,1
DA:15,1
DA:16,1
DA:17,0
DA:21,1
LF:10
LH:9
BRDA:12,1,0,1
BRDA:12,1,1,0
BRDA:16,2,0,0
BRDA:16,2,1,1
BRF:4
BRH:2
end_of_record
TN:
SF:/Users/simone/Repos/globuscup-node/server/controllers/season.controller.js
FNF:0
FNH:0
DA:1,1
DA:3,1
DA:5,1
DA:6,1
DA:7,0
DA:12,1
DA:19,0
DA:20,0
DA:21,0
DA:26,0
DA:33,4
DA:34,4
DA:35,1
DA:40,3
DA:41,3
DA:42,3
DA:43,1
DA:48,2
DA:55,3
DA:56,3
DA:57,3
DA:58,1
DA:63,2
DA:64,2
DA:65,1
DA:70,1
DA:77,3
DA:78,3
DA:79,1
DA:84,2
DA:85,2
DA:86,0
DA:91,2
DA:92,1
DA:97,1
LF:35
LH:29
BRDA:6,1,0,0
BRDA:6,1,1,1
BRDA:20,2,0,0
BRDA:20,2,1,0
BRDA:34,3,0,1
BRDA:34,3,1,3
BRDA:34,4,0,4
BRDA:34,4,1,4
BRDA:42,5,0,1
BRDA:42,5,1,2
BRDA:45,6,0,1
BRDA:45,6,1,0
BRDA:45,7,0,1
BRDA:45,7,1,1
BRDA:55,8,0,3
BRDA:55,8,1,1
BRDA:57,9,0,1
BRDA:57,9,1,2
BRDA:64,10,0,1
BRDA:64,10,1,1
BRDA:77,11,0,3
BRDA:77,11,1,1
BRDA:78,12,0,1
BRDA:78,12,1,2
BRDA:85,13,0,0
BRDA:85,13,1,2
BRDA:91,14,0,1
BRDA:91,14,1,1
BRF:28
BRH:23
end_of_record
TN:
SF:/Users/simone/Repos/globuscup-node/server/models/season.model.js
FNF:0
FNH:0
DA:1,1
DA:3,1
DA:12,1
LF:3
LH:3
BRF:0
BRH:0
end_of_record
TN:
SF:/Users/simone/Repos/globuscup-node/server/controllers/round.controller.js
FNF:0
FNH:0
DA:1,1
DA:3,1
DA:5,1
DA:6,1
DA:7,0
DA:12,1
DA:19,0
DA:20,0
DA:21,0
DA:26,0
DA:33,5
DA:34,5
DA:35,0
DA:40,5
DA:41,1
DA:46,4
DA:47,1
DA:52,3
DA:53,3
DA:54,3
DA:55,1
DA:60,2
DA:67,3
DA:68,3
DA:69,3
DA:70,1
DA:75,2
DA:76,2
DA:77,1
DA:82,1
DA:89,3
DA:90,3
DA:91,1
DA:96,2
DA:97,2
DA:98,0
DA:103,2
DA:104,1
DA:109,1
LF:39
LH:32
BRDA:6,1,0,0
BRDA:6,1,1,1
BRDA:20,2,0,0
BRDA:20,2,1,0
BRDA:34,3,0,0
BRDA:34,3,1,5
BRDA:40,4,0,1
BRDA:40,4,1,4
BRDA:46,5,0,1
BRDA:46,5,1,3
BRDA:54,6,0,1
BRDA:54,6,1,2
BRDA:68,7,0,3
BRDA:68,7,1,1
BRDA:69,8,0,1
BRDA:69,8,1,2
BRDA:76,9,0,1
BRDA:76,9,1,1
BRDA:89,10,0,3
BRDA:89,10,1,1
BRDA:90,11,0,1
BRDA:90,11,1,2
BRDA:97,12,0,0
BRDA:97,12,1,2
BRDA:103,13,0,1
BRDA:103,13,1,1
BRF:26
BRH:21
end_of_record
TN:
SF:/Users/simone/Repos/globuscup-node/server/models/round.model.js
FNF:0
FNH:0
DA:1,1
DA:3,1
DA:27,1
LF:3
LH:3
BRF:0
BRH:0
end_of_record
TN:
SF:/Users/simone/Repos/globuscup-node/server/controllers/day.controller.js
FNF:0
FNH:0
DA:1,1
DA:3,1
DA:5,0
DA:6,0
DA:7,0
DA:12,0
DA:19,0
DA:20,0
DA:21,0
DA:26,0
DA:33,0
DA:34,0
DA:35,0
DA:40,0
DA:41,0
DA:46,0
DA:47,0
DA:52,0
DA:53,0
DA:54,0
DA:55,0
DA:60,0
DA:67,0
DA:68,0
DA:69,0
DA:70,0
DA:75,0
DA:76,0
DA:77,0
DA:82,0
DA:89,0
DA:90,0
DA:91,0
DA:96,0
DA:97,0
DA:98,0
DA:103,0
DA:104,0
DA:109,0
LF:39
LH:2
BRDA:6,1,0,0
BRDA:6,1,1,0
BRDA:20,2,0,0
BRDA:20,2,1,0
BRDA:34,3,0,0
BRDA:34,3,1,0
BRDA:40,4,0,0
BRDA:40,4,1,0
BRDA:46,5,0,0
BRDA:46,5,1,0
BRDA:54,6,0,0
BRDA:54,6,1,0
BRDA:68,7,0,0
BRDA:68,7,1,0
BRDA:69,8,0,0
BRDA:69,8,1,0
BRDA:76,9,0,0
BRDA:76,9,1,0
BRDA:89,10,0,0
BRDA:89,10,1,0
BRDA:90,11,0,0
BRDA:90,11,1,0
BRDA:97,12,0,0
BRDA:97,12,1,0
BRDA:103,13,0,0
BRDA:103,13,1,0
BRF:26
BRH:0
end_of_record
TN:
SF:/Users/simone/Repos/globuscup-node/server/models/day.model.js
FN:13,roundSetLastDay
FNF:1
FNH:1
FNDA:2,roundSetLastDay
DA:1,1
DA:3,1
DA:13,1
DA:14,2
DA:15,2
DA:16,2
DA:17,2
DA:22,2
DA:23,1
DA:31,1
DA:32,1
DA:38,1
LF:12
LH:12
BRDA:22,1,0,1
BRDA:22,1,1,1
BRDA:31,2,0,0
BRDA:31,2,1,1
BRF:4
BRH:3
end_of_record
TN:
SF:/Users/simone/Repos/globuscup-node/server/middlewares/auth.middleware.js
FNF:0
FNH:0
DA:1,1
DA:2,1
DA:4,1
DA:5,22
DA:6,2
DA:7,1
DA:8,1
DA:9,1
DA:10,0
DA:16,1
DA:17,1
DA:19,0
DA:25,1
DA:27,1
DA:28,0
DA:34,1
DA:37,20
DA:38,41
DA:39,41
DA:40,41
DA:41,11
DA:46,30
DA:47,30
DA:49,0
DA:54,30
DA:55,30
LF:26
LH:22
BRDA:5,1,0,2
BRDA:5,1,1,20
BRDA:5,2,0,22
BRDA:5,2,1,2
BRDA:8,3,0,1
BRDA:8,3,1,1
BRDA:8,3,2,1
BRDA:9,4,0,0
BRDA:9,4,1,1
BRDA:27,5,0,0
BRDA:27,5,1,1
BRDA:27,6,0,1
BRDA:27,6,1,1
BRDA:39,7,0,41
BRDA:39,7,1,41
BRDA:39,7,2,41
BRDA:40,8,0,11
BRDA:40,8,1,30
BRDA:55,9,0,30
BRDA:55,9,1,0
BRF:20
BRH:17
end_of_record
TN:
SF:/Users/simone/Repos/globuscup-node/server/middlewares/settings.middleware.js
FNF:0
FNH:0
DA:1,1
DA:3,1
DA:4,1
DA:5,53
DA:6,53
DA:7,19
DA:8,19
DA:9,19
LF:8
LH:8
BRDA:6,1,0,34
BRDA:6,1,1,19
BRDA:6,2,0,53
BRDA:6,2,1,53
BRF:4
BRH:4
end_of_record
TN:
SF:/Users/simone/Repos/globuscup-node/server/models/team.model.js
FNF:0
FNH:0
DA:1,1
DA:3,1
DA:51,1
LF:3
LH:3
BRF:0
BRH:0
end_of_record
